Arguments: 
  /Users/mike/.nvm/versions/node/v9.11.0/bin/node /usr/local/Cellar/yarn/1.5.1_1/libexec/bin/yarn.js run build

PATH: 
  /Users/mike/miniconda3/bin:/Library/Frameworks/Python.framework/Versions/3.6/bin:/Library/Frameworks/Python.framework/Versions/2.7/bin:/usr/local/opt/openss1@1.1/bin:/Users/mike/.nvm/versions/node/v9.11.0/bin:/usr/local/bin:/usr/bin:/bin:/usr/sbin:/sbin:/opt/X11/bin:/Applications/Postgres.app/Contents/Versions/latest/bin:/Applications/Visual Studio Code.app/Contents/Resources/app/bin:/Users/mike/opt/cassandra/bin

Yarn version: 
  1.5.1

Node version: 
  9.11.0

Platform: 
  darwin x64

npm manifest: 
  {
    "name": "linked-list-typescript",
    "version": "1.0.11",
    "description": "simple typescript linked-list with generics typing",
    "main": "lib/src/index.js",
    "typings": "lib/src/index",
    "files": [
      "lib/src/"
    ],
    "repository": "https://github.com/sfkiwi/linked-list-typescript.git",
    "author": "Mike Sutherland <mjfsutherland@gmail.com>",
    "license": "MIT",
    "private": false,
    "keywords": [
      "typescript",
      "javascript",
      "linked-list",
      "linkedlist"
    ],
    "bugs": {
      "url": "https://github.com/sfkiwi/linked-list-typescript/issues"
    },
    "homepage": "https://github.com/sfkiwi/linked-list-typescript#readme",
    "scripts": {
      "pretest": "yarn run build",
      "build": "tsc",
      "test": "nyc ./node_modules/.bin/mocha",
      "coverage": "yarn run build && nyc ./node_modules/.bin/mocha",
      "coverage:lcov": "nyc report --reporter=text-lcov | coveralls",
      "coverage:report": "./node_modules/.bin/nyc report --reporter text-summary --reporter html && open coverage/index.html",
      "cover": "istanbul cover ./node_modules/mocha/bin/_mocha --report lcovonly -- -R spec && cat ./coverage/lcov.info | ./node_modules/coveralls/bin/coveralls.js && rm -rf ./coverage",
      "clean": "rm -fr clean coverage .nyc_output"
    },
    "devDependencies": {
      "@types/chai": "^4.1.2",
      "@types/mocha": "^5.2.0",
      "chai": "^4.1.2",
      "coveralls": "^3.0.1",
      "eslint": "^4.18.1",
      "eslint-plugin-react": "^7.7.0",
      "expect.js": "^0.3.1",
      "istanbul": "^0.4.5",
      "mocha": "^4.0.1",
      "mocha-lcov-reporter": "^1.3.0",
      "nyc": "^11.6.0",
      "source-map-support": "^0.5.4",
      "ts-node": "^5.0.1",
      "typescript": "^2.8.1"
    }
  }

yarn manifest: 
  No manifest

Lockfile: 
  No lockfile

Trace: 
  Error: Command failed.
  Exit code: 2
  Command: sh
  Arguments: -c tsc
  Directory: /Users/mike/Dropbox/Work/Code/linked-list-typescript
  Output:
  
      at ProcessTermError.MessageError (/usr/local/Cellar/yarn/1.5.1_1/libexec/lib/cli.js:186:110)
      at new ProcessTermError (/usr/local/Cellar/yarn/1.5.1_1/libexec/lib/cli.js:226:113)
      at ChildProcess.<anonymous> (/usr/local/Cellar/yarn/1.5.1_1/libexec/lib/cli.js:30281:17)
      at ChildProcess.emit (events.js:180:13)
      at maybeClose (internal/child_process.js:936:16)
      at Process.ChildProcess._handle.onexit (internal/child_process.js:220:5)
